<?xml version="1.0" encoding="UTF-8"?>
<testng-results ignored="0" total="1" passed="1" failed="0" skipped="0">
  <reporter-output>
  </reporter-output>
  <suite started-at="2026-05-19T14:33:46 IST" name="Default suite" finished-at="2026-05-19T14:34:05 IST" duration-ms="18356">
    <groups>
    </groups>
    <test started-at="2026-05-19T14:33:46 IST" name="Default test" finished-at="2026-05-19T14:34:05 IST" duration-ms="18356">
      <class name="Day24.Sample">
        <test-method is-config="true" signature="setup()[pri:0, instance:Day24.Sample@498d318c]" started-at="2026-05-19T14:33:46 IST" name="setup" finished-at="2026-05-19T14:34:02 IST" duration-ms="15676" status="PASS">
          <reporter-output>
          </reporter-output>
        </test-method> <!-- setup -->
        <test-method signature="loginTest()[pri:0, instance:Day24.Sample@498d318c]" started-at="2026-05-19T14:34:02 IST" name="loginTest" finished-at="2026-05-19T14:34:03 IST" duration-ms="1343" status="PASS">
          <reporter-output>
          </reporter-output>
        </test-method> <!-- loginTest -->
        <test-method is-config="true" signature="tearDown()[pri:0, instance:Day24.Sample@498d318c]" started-at="2026-05-19T14:34:03 IST" name="tearDown" finished-at="2026-05-19T14:34:05 IST" duration-ms="1159" status="PASS">
          <reporter-output>
          </reporter-output>
        </test-method> <!-- tearDown -->
      </class> <!-- Day24.Sample -->
    </test> <!-- Default test -->
  </suite> <!-- Default suite -->
</testng-results>
