<?xml version="1.0" encoding="UTF-8"?>
<testng-results ignored="0" total="1" passed="1" failed="0" skipped="0">
  <reporter-output>
  </reporter-output>
  <suite started-at="2026-05-28T14:13:57 IST" name="Default suite" finished-at="2026-05-28T14:14:07 IST" duration-ms="9666">
    <groups>
    </groups>
    <test started-at="2026-05-28T14:13:57 IST" name="Default test" finished-at="2026-05-28T14:14:07 IST" duration-ms="9666">
      <class name="Day28.PutApi">
        <test-method is-config="true" signature="setup()[pri:0, instance:Day28.PutApi@59309333]" started-at="2026-05-28T14:13:54 IST" name="setup" finished-at="2026-05-28T14:13:57 IST" duration-ms="2627" status="PASS">
          <reporter-output>
          </reporter-output>
        </test-method> <!-- setup -->
        <test-method signature="updateUser()[pri:0, instance:Day28.PutApi@59309333]" started-at="2026-05-28T14:13:57 IST" name="updateUser" finished-at="2026-05-28T14:14:07 IST" duration-ms="9518" status="PASS">
          <reporter-output>
          </reporter-output>
        </test-method> <!-- updateUser -->
        <test-method is-config="true" signature="tearDown()[pri:0, instance:Day28.PutApi@59309333]" started-at="2026-05-28T14:14:07 IST" name="tearDown" finished-at="2026-05-28T14:14:08 IST" duration-ms="968" status="PASS">
          <reporter-output>
          </reporter-output>
        </test-method> <!-- tearDown -->
      </class> <!-- Day28.PutApi -->
    </test> <!-- Default test -->
  </suite> <!-- Default suite -->
</testng-results>
